logistic_combo_test - Loading data...
logistic_combo_test - Creating New Features...
feature13_+_feature21
logistic_combo_test - Training...
logistic_combo_test - Logloss: 0.692450703818
logistic_combo_test - Accuracy: 0.523133165528
feature13_-_feature21
logistic_combo_test - Training...
logistic_combo_test - Logloss: 0.692450588802
logistic_combo_test - Accuracy: 0.523253026489
feature13_*_feature21
logistic_combo_test - Training...
logistic_combo_test - Logloss: 0.692465414844
logistic_combo_test - Accuracy: 0.52235406928
feature13_/_feature21
logistic_combo_test - Training...
logistic_combo_test - Logloss: 0.69244227185
logistic_combo_test - Accuracy: 0.523073235047
feature13_/_feature21 - Reduced Logloss to 0.692452244829
feature8_+_feature18
logistic_combo_test - Training...
logistic_combo_test - Logloss: 0.692442252953
logistic_combo_test - Accuracy: 0.523073235047
feature8_-_feature18
logistic_combo_test - Training...
logistic_combo_test - Logloss: 0.69244218395
logistic_combo_test - Accuracy: 0.523013304567
feature8_*_feature18
logistic_combo_test - Training...
logistic_combo_test - Logloss: 0.692469661709
logistic_combo_test - Accuracy: 0.523013304567
feature8_/_feature18
logistic_combo_test - Training...
logistic_combo_test - Logloss: 0.692442030749
logistic_combo_test - Accuracy: 0.52331295697
feature8_/_feature18 - Reduced Logloss to 0.69244903234
feature6_+_feature20
logistic_combo_test - Training...
logistic_combo_test - Logloss: 0.692442082314
logistic_combo_test - Accuracy: 0.523133165528
feature6_-_feature20
logistic_combo_test - Training...
logistic_combo_test - Logloss: 0.692442036061
logistic_combo_test - Accuracy: 0.52331295697
feature6_*_feature20
logistic_combo_test - Training...
logistic_combo_test - Logloss: 0.692332958552
logistic_combo_test - Accuracy: 0.52235406928
feature6_/_feature20
logistic_combo_test - Training...
logistic_combo_test - Logloss: 0.692422055009
logistic_combo_test - Accuracy: 0.524511566583
feature6_/_feature20 - Reduced Logloss to 0.692409782984
feature11_+_feature21
logistic_combo_test - Training...
logistic_combo_test - Logloss: 0.692422012432
logistic_combo_test - Accuracy: 0.524511566583
feature11_-_feature21
logistic_combo_test - Training...
logistic_combo_test - Logloss: 0.692422363295
logistic_combo_test - Accuracy: 0.524451636102
feature11_*_feature21
logistic_combo_test - Training...
logistic_combo_test - Logloss: 0.692421422427
logistic_combo_test - Accuracy: 0.523133165528
feature11_/_feature21
logistic_combo_test - Training...
logistic_combo_test - Logloss: 0.692425941056
logistic_combo_test - Accuracy: 0.524092053218
feature7_+_feature15
logistic_combo_test - Training...
logistic_combo_test - Logloss: 0.692421981869
logistic_combo_test - Accuracy: 0.524511566583
feature7_-_feature15
logistic_combo_test - Training...
logistic_combo_test - Logloss: 0.692424221713
logistic_combo_test - Accuracy: 0.52427184466
feature7_*_feature15
logistic_combo_test - Training...
logistic_combo_test - Logloss: 0.692391104836
logistic_combo_test - Accuracy: 0.525290662831
feature7_/_feature15
logistic_combo_test - Training...
logistic_combo_test - Logloss: 0.692412727553
logistic_combo_test - Accuracy: 0.523972192257
feature3_+_feature19
logistic_combo_test - Training...
logistic_combo_test - Logloss: 0.692424758013
logistic_combo_test - Accuracy: 0.524631427544
feature3_-_feature19
logistic_combo_test - Training...
logistic_combo_test - Logloss: 0.692421687714
logistic_combo_test - Accuracy: 0.524511566583
feature3_*_feature19
logistic_combo_test - Training...
logistic_combo_test - Logloss: 0.692429296662
logistic_combo_test - Accuracy: 0.524991010428
feature3_/_feature19
logistic_combo_test - Training...
logistic_combo_test - Logloss: 0.692416663691
logistic_combo_test - Accuracy: 0.524691358025
feature3_+_feature15
logistic_combo_test - Training...
logistic_combo_test - Logloss: 0.692423122659
logistic_combo_test - Accuracy: 0.524511566583
feature3_-_feature15
logistic_combo_test - Training...
logistic_combo_test - Logloss: 0.692421608808
logistic_combo_test - Accuracy: 0.5245